# JRE version: Java(TM) SE Runtime Environment (21.0.6+8) (build 21.0.6+8-LTS-188)
# Java VM: Java HotSpot(TM) 64-Bit Server VM (21.0.6+8-LTS-188, mixed mode, sharing, tiered, compressed oops, compressed class ptrs, g1 gc, windows-amd64)
GC Precious Log:
 CardTable entry size: 512
 Card Set container configuration: InlinePtr #cards 5 size 8 Array Of Cards #cards 12 size 40 Howl #buckets 4 coarsen threshold 1843 Howl Bitmap #cards 512 size 80 coarsen threshold 460 Card regions per heap region 1 cards per card region 2048
 CPUs: 4 total, 4 available
 Memory: 3961M
 Large Page Support: Disabled
 NUMA Support: Disabled
 Compressed Oops: Enabled (32-bit)
 Heap Region Size: 1M
 Heap Min Capacity: 8M
 Heap Initial Capacity: 62M
 Heap Max Capacity: 992M
 Pre-touch: Disabled
 Parallel Workers: 4
 Concurrent Workers: 1
 Concurrent Refinement Workers: 4
 Periodic GC: Disabled
Heap:
 garbage-first heap   total 311296K, used 190650K [0x00000000c2000000, 0x0000000100000000)
  region size 1024K, 8 young (8192K), 2 survivors (2048K)
 Metaspace       used 37722K, committed 37952K, reserved 1114112K
  class space    used 5019K, committed 5120K, reserved 1048576K
GC Heap History (20 events):
Event: 34.288 GC heap before
{Heap before GC invocations=36 (full 0):
 garbage-first heap   total 217088K, used 197557K [0x00000000c2000000, 0x0000000100000000)
  region size 1024K, 48 young (49152K), 3 survivors (3072K)
 Metaspace       used 37703K, committed 37952K, reserved 1114112K
  class space    used 5019K, committed 5120K, reserved 1048576K
}
Event: 34.291 GC heap after
{Heap after GC invocations=37 (full 0):
 garbage-first heap   total 217088K, used 134021K [0x00000000c2000000, 0x0000000100000000)
  region size 1024K, 6 young (6144K), 6 survivors (6144K)
 Metaspace       used 37703K, committed 37952K, reserved 1114112K
  class space    used 5019K, committed 5120K, reserved 1048576K
}
Event: 34.613 GC heap before
{Heap before GC invocations=37 (full 0):
 garbage-first heap   total 217088K, used 201605K [0x00000000c2000000, 0x0000000100000000)
  region size 1024K, 67 young (68608K), 6 survivors (6144K)
 Metaspace       used 37707K, committed 37952K, reserved 1114112K
  class space    used 5019K, committed 5120K, reserved 1048576K
}
Event: 34.617 GC heap after
{Heap after GC invocations=38 (full 0):
 garbage-first heap   total 217088K, used 140888K [0x00000000c2000000, 0x0000000100000000)
  region size 1024K, 9 young (9216K), 9 survivors (9216K)
 Metaspace       used 37707K, committed 37952K, reserved 1114112K
  class space    used 5019K, committed 5120K, reserved 1048576K
}
Event: 34.779 GC heap before
{Heap before GC invocations=38 (full 0):
 garbage-first heap   total 217088K, used 172632K [0x00000000c2000000, 0x0000000100000000)
  region size 1024K, 41 young (41984K), 9 survivors (9216K)
 Metaspace       used 37712K, committed 37952K, reserved 1114112K
  class space    used 5019K, committed 5120K, reserved 1048576K
}
Event: 34.784 GC heap after
{Heap after GC invocations=39 (full 0):
 garbage-first heap   total 217088K, used 144719K [0x00000000c2000000, 0x0000000100000000)
  region size 1024K, 5 young (5120K), 5 survivors (5120K)
 Metaspace       used 37712K, committed 37952K, reserved 1114112K
  class space    used 5019K, committed 5120K, reserved 1048576K
}
Event: 35.174 GC heap before
{Heap before GC invocations=40 (full 0):
 garbage-first heap   total 254976K, used 196943K [0x00000000c2000000, 0x0000000100000000)
  region size 1024K, 54 young (55296K), 5 survivors (5120K)
 Metaspace       used 37719K, committed 37952K, reserved 1114112K
  class space    used 5019K, committed 5120K, reserved 1048576K
}
Event: 35.178 GC heap after
{Heap after GC invocations=41 (full 0):
 garbage-first heap   total 254976K, used 151538K [0x00000000c2000000, 0x0000000100000000)
  region size 1024K, 7 young (7168K), 7 survivors (7168K)
 Metaspace       used 37719K, committed 37952K, reserved 1114112K
  class space    used 5019K, committed 5120K, reserved 1048576K
}
Event: 35.543 GC heap before
{Heap before GC invocations=41 (full 0):
 garbage-first heap   total 254976K, used 220146K [0x00000000c2000000, 0x0000000100000000)
  region size 1024K, 74 young (75776K), 7 survivors (7168K)
 Metaspace       used 37721K, committed 37952K, reserved 1114112K
  class space    used 5019K, committed 5120K, reserved 1048576K
}
Event: 35.548 GC heap after
{Heap after GC invocations=42 (full 0):
 garbage-first heap   total 254976K, used 158340K [0x00000000c2000000, 0x0000000100000000)
  region size 1024K, 9 young (9216K), 9 survivors (9216K)
 Metaspace       used 37721K, committed 37952K, reserved 1114112K
  class space    used 5019K, committed 5120K, reserved 1048576K
}
Event: 35.826 GC heap before
{Heap before GC invocations=42 (full 0):
 garbage-first heap   total 254976K, used 224900K [0x00000000c2000000, 0x0000000100000000)
  region size 1024K, 74 young (75776K), 9 survivors (9216K)
 Metaspace       used 37721K, committed 37952K, reserved 1114112K
  class space    used 5019K, committed 5120K, reserved 1048576K
}
Event: 35.832 GC heap after
{Heap after GC invocations=43 (full 0):
 garbage-first heap   total 254976K, used 166155K [0x00000000c2000000, 0x0000000100000000)
  region size 1024K, 8 young (8192K), 8 survivors (8192K)
 Metaspace       used 37721K, committed 37952K, reserved 1114112K
  class space    used 5019K, committed 5120K, reserved 1048576K
}
Event: 36.213 GC heap before
{Heap before GC invocations=44 (full 0):
 garbage-first heap   total 295936K, used 229643K [0x00000000c2000000, 0x0000000100000000)
  region size 1024K, 70 young (71680K), 8 survivors (8192K)
 Metaspace       used 37722K, committed 37952K, reserved 1114112K
  class space    used 5019K, committed 5120K, reserved 1048576K
}
Event: 36.219 GC heap after
{Heap after GC invocations=45 (full 0):
 garbage-first heap   total 295936K, used 173724K [0x00000000c2000000, 0x0000000100000000)
  region size 1024K, 8 young (8192K), 8 survivors (8192K)
 Metaspace       used 37722K, committed 37952K, reserved 1114112K
  class space    used 5019K, committed 5120K, reserved 1048576K
}
Event: 36.675 GC heap before
{Heap before GC invocations=45 (full 0):
 garbage-first heap   total 295936K, used 261788K [0x00000000c2000000, 0x0000000100000000)
  region size 1024K, 94 young (96256K), 8 survivors (8192K)
 Metaspace       used 37722K, committed 37952K, reserved 1114112K
  class space    used 5019K, committed 5120K, reserved 1048576K
}
Event: 37.554 GC heap after
{Heap after GC invocations=46 (full 0):
 garbage-first heap   total 295936K, used 183541K [0x00000000c2000000, 0x0000000100000000)
  region size 1024K, 11 young (11264K), 11 survivors (11264K)
 Metaspace       used 37722K, committed 37952K, reserved 1114112K
  class space    used 5019K, committed 5120K, reserved 1048576K
}
Event: 37.567 GC heap before
{Heap before GC invocations=46 (full 0):
 garbage-first heap   total 295936K, used 186613K [0x00000000c2000000, 0x0000000100000000)
  region size 1024K, 14 young (14336K), 11 survivors (11264K)
 Metaspace       used 37722K, committed 37952K, reserved 1114112K
  class space    used 5019K, committed 5120K, reserved 1048576K
}
Event: 38.567 GC heap after
{Heap after GC invocations=47 (full 0):
 garbage-first heap   total 295936K, used 183440K [0x00000000c2000000, 0x0000000100000000)
  region size 1024K, 1 young (1024K), 1 survivors (1024K)
 Metaspace       used 37722K, committed 37952K, reserved 1114112K
  class space    used 5019K, committed 5120K, reserved 1048576K
}
Event: 38.643 GC heap before
{Heap before GC invocations=47 (full 0):
 garbage-first heap   total 295936K, used 195728K [0x00000000c2000000, 0x0000000100000000)
  region size 1024K, 14 young (14336K), 1 survivors (1024K)
 Metaspace       used 37722K, committed 37952K, reserved 1114112K
  class space    used 5019K, committed 5120K, reserved 1048576K
}
Event: 39.792 GC heap after
{Heap after GC invocations=48 (full 0):
 garbage-first heap   total 295936K, used 184981K [0x00000000c2000000, 0x0000000100000000)
  region size 1024K, 2 young (2048K), 2 survivors (2048K)
 Metaspace       used 37722K, committed 37952K, reserved 1114112K
  class space    used 5019K, committed 5120K, reserved 1048576K
}

